    1  history-c
    2  > ~/.bash_history
    3  cd clmystery-master/
    4  cd Bureau
    5  cd desktop
    6  history-c
    7  ls
    8  cd Téléchargements
    9  cd home
   10  man commande
   11  man ls
   12  ls-a desktop
   13  ls desktop
   14  cd Bureau/
   15  cd Ce PC
   16  cd Ce PC\Bureau
   17  cd Ce PC\Bureau\wild code school
   18  cd "clmystery-master"
   19  cd "Ce PC"
   20  man cd
   21  cd man
   22  man cd
   23  ls Télchargements
   24  ls Music
   25  ls "Music"
   26  ls
   27  cd clmystery-master
   28  cd \desktop
   29  ls
   30  pwd
   31  cd /mnt/c/Users/Robin/Desktop/
   32  ls
   33  cd clmystery-master
   34  ls
   35  cd mystery
   36  ls
   37  nano crimescene
   38  cat people
   39  ls
   40  nano people
   41  cd memberships
   42  ls
   43  cat AAA
   44  ls
   45  cd mystery
   46  ls
   47  fwd
   48  pwd
   49  cd mystery
   50  head
   51  pwd
   52  ls
   53  pwd
   54  cd mnt
   55  pwd
   56  ls /mnt
   57  cd /mnt
   58  cd c
   59  ls
   60  cd Users
   61  ls
   62  cd Robin
   63  ls
   64  cd Desktop
   65  ls
   66  cd clymystery-master
   67  cd /clmystery-master
   68  ls
   69  cd'clmystery-master'
   70  cd 'clmystery-master'
   71  ls
   72  cd 'mystery'
   73  ls
   74  cd streets
   75  ls
   76  cd..
   77  cd ..
   78  ls
   79  nano streets
   80  cd streets
   81  nano
   82  cat Hart_Place
   83  cd ..
   84  ls
   85  cd streets
   86  ls
   87  nano Hart_Place
   88  cd ..
   89  ls
   90  cd interviews
   91  ls
   92  cd ..
   93  nano interviews
   94  ls
   95  nano interviews
   96  cd ..
   97  ls
   98  cd mystery
   99  ls
  100  cd interviews
  101  nano
  102  cat interview-47246024
  103  cd ..
  104  ls
  105  cd ..
  106  ls
  107  cat hint2
  108  cat hint3
  109  cat hint4
  110  cat hint5
  111  ls
  112  cd mystery
  113  ls
  114  cd streets
  115  ls
  116  cat Mattapan_Street
  117  cd ..
  118  ls
  119  cat hint5
  120  ls
  121  cd mystery
  122  ls
  123  cd streets
  124  ls
  125  nano Mattapan_Street
  126  head -n 173 streets/Mattapan_Street
  127  cd Mattapan_Street
  128  nano Mattapan_Street
  129  cd ..
  130  ls
  131  nano people
  132  cd streets
  133  ls
  134  nano Mattapan_Street
  135  cd Mattapan_Street
  136  head 173 streets/Mattapan_Street
  137  cat Mattapan_Street
  138  head -n 173 streets/Mattapan_Street
  139  nano Mattapan_Street
  140  cat Mattapan_Street
  141  :173
  142  cd ..
  143  ls
  144  vi people
  145  nano people
  146  cd streets
  147  ls
  148  nano Hart_Place
  149  nano Haley_Street
  150  cd /mnt/c/Users/Robin/Desktop/clmystery-master/
  151  ls
  152  cd mystery
  153  ls
  154  cd streets
  155  ls
  156  nano Mattapan_Street
  157  nano Buckingham_Place
  158  nano Haley_Street
  159  cd ..
  160  ls
  161  cd interveiws
  162  cd interviews
  163  ls
  164  cat interview-9437737
  165  cat interview-699607
  166  cat interview-871877
  167  cd ..
  168  ls
  169  nano vehicles
  170  nano people
  171  cd ~
  172  pwd
  173  cd /mnt
  174  ll
  175  cd c
  176  cd /
  177  ll
  178  cd mnt
  179  cd /mnt
  180  ll
  181  cd /c
  182  cd /mnt/c
  183  cd ..
  184  cd c
  185  cd /mnt
  186  cd .
  187  cd ./c
  188  cd ..
  189  ls -a
  190  ls -al
  191  cd -
  192  pwd
  193  cd ..
  194  ls
  195  ls -l
  196  man ls
  197  ls -h
  198  ls -l | grep 4096
  199  ls -l | grep 23
  200  cd c
  201  grep sport
  202  cd mnt
  203  cd /mnt
  204  ls
  205  cd c
  206  ls
  207  cd Users
  208  ls
  209  cd Robin
  210  cd Desktop
  211  ls
  212  cd clmystery-master
  213  ls
  214  cd mystery
  215  ls
  216  nano people
  217  cd interviews
  218  cd ..
  219  cd streets
  220  ls
  221  nano Plainfield_Street
  222  cd ..
  223  ls
  224  cd interviews
  225  cat interview-29741223
  226  cd ..
  227  ls
  228  nano people
  229  cd streets
  230  ls
  231  nano Dunstable_Road
  232  cd ..
  233  ls
  234  cd interviews
  235  cat interview-9620713
  236  cd ..
  237  ls
  238  nano people
  239  cd membership
  240  cd memberships
  241  ls
  242  nano AAA
  243  nano Delta_SkyMiles
  244  nano Terminal_City_Library
  245  nano Museum_ofBash_History
  246  nano Museum_of_Bash_History
  247  echo "Jeremy BOWERS"
  248  history > mon_historique.log
